# JRE version: OpenJDK Runtime Environment (8.0_152-b01) (build 1.8.0_152-release-1343-b01)
# Java VM: OpenJDK 64-Bit Server VM (25.152-b01 mixed mode windows-amd64 compressed oops)
Heap:
 PSYoungGen      total 116736K, used 62576K [0x00000000e0000000, 0x00000000e9380000, 0x0000000100000000)
  eden space 106496K, 58% used [0x00000000e0000000,0x00000000e3d1c290,0x00000000e6800000)
  from space 10240K, 0% used [0x00000000e7280000,0x00000000e7280000,0x00000000e7c80000)
  to   space 10752K, 0% used [0x00000000e6800000,0x00000000e6800000,0x00000000e7280000)
 ParOldGen       total 73728K, used 17955K [0x00000000a0000000, 0x00000000a4800000, 0x00000000e0000000)
  object space 73728K, 24% used [0x00000000a0000000,0x00000000a1188c70,0x00000000a4800000)
 Metaspace       used 42097K, capacity 42970K, committed 43136K, reserved 1087488K
  class space    used 5721K, capacity 5963K, committed 6016K, reserved 1048576K
GC Heap History (10 events):
Event: 4.263 GC heap before
{Heap before GC invocations=8 (full 1):
 PSYoungGen      total 57344K, used 6976K [0x00000000e0000000, 0x00000000e7100000, 0x0000000100000000)
  eden space 48640K, 0% used [0x00000000e0000000,0x00000000e0000000,0x00000000e2f80000)
  from space 8704K, 80% used [0x00000000e2f80000,0x00000000e3650080,0x00000000e3800000)
  to   space 9216K, 0% used [0x00000000e6800000,0x00000000e6800000,0x00000000e7100000)
 ParOldGen       total 65536K, used 7568K [0x00000000a0000000, 0x00000000a4000000, 0x00000000e0000000)
  object space 65536K, 11% used [0x00000000a0000000,0x00000000a0764108,0x00000000a4000000)
 Metaspace       used 20710K, capacity 21118K, committed 21296K, reserved 1067008K
  class space    used 2903K, capacity 3087K, committed 3200K, reserved 1048576K
Event: 4.315 GC heap after
Heap after GC invocations=8 (full 1):
 PSYoungGen      total 57344K, used 0K [0x00000000e0000000, 0x00000000e7100000, 0x0000000100000000)
  eden space 48640K, 0% used [0x00000000e0000000,0x00000000e0000000,0x00000000e2f80000)
  from space 8704K, 0% used [0x00000000e2f80000,0x00000000e2f80000,0x00000000e3800000)
  to   space 9216K, 0% used [0x00000000e6800000,0x00000000e6800000,0x00000000e7100000)
 ParOldGen       total 47616K, used 9358K [0x00000000a0000000, 0x00000000a2e80000, 0x00000000e0000000)
  object space 47616K, 19% used [0x00000000a0000000,0x00000000a0923930,0x00000000a2e80000)
 Metaspace       used 20710K, capacity 21118K, committed 21296K, reserved 1067008K
  class space    used 2903K, capacity 3087K, committed 3200K, reserved 1048576K
}
Event: 5.409 GC heap before
{Heap before GC invocations=9 (full 1):
 PSYoungGen      total 57344K, used 48640K [0x00000000e0000000, 0x00000000e7100000, 0x0000000100000000)
  eden space 48640K, 100% used [0x00000000e0000000,0x00000000e2f80000,0x00000000e2f80000)
  from space 8704K, 0% used [0x00000000e2f80000,0x00000000e2f80000,0x00000000e3800000)
  to   space 9216K, 0% used [0x00000000e6800000,0x00000000e6800000,0x00000000e7100000)
 ParOldGen       total 47616K, used 9358K [0x00000000a0000000, 0x00000000a2e80000, 0x00000000e0000000)
  object space 47616K, 19% used [0x00000000a0000000,0x00000000a0923930,0x00000000a2e80000)
 Metaspace       used 27197K, capacity 27664K, committed 27776K, reserved 1073152K
  class space    used 3710K, capacity 3897K, committed 3968K, reserved 1048576K
Event: 5.431 GC heap after
Heap after GC invocations=9 (full 1):
 PSYoungGen      total 84992K, used 6366K [0x00000000e0000000, 0x00000000e6e80000, 0x0000000100000000)
  eden space 78336K, 0% used [0x00000000e0000000,0x00000000e0000000,0x00000000e4c80000)
  from space 6656K, 95% used [0x00000000e6800000,0x00000000e6e37860,0x00000000e6e80000)
  to   space 9216K, 0% used [0x00000000e5c80000,0x00000000e5c80000,0x00000000e6580000)
 ParOldGen       total 47616K, used 9366K [0x00000000a0000000, 0x00000000a2e80000, 0x00000000e0000000)
  object space 47616K, 19% used [0x00000000a0000000,0x00000000a0925930,0x00000000a2e80000)
 Metaspace       used 27197K, capacity 27664K, committed 27776K, reserved 1073152K
  class space    used 3710K, capacity 3897K, committed 3968K, reserved 1048576K
}
Event: 6.740 GC heap before
{Heap before GC invocations=10 (full 1):
 PSYoungGen      total 84992K, used 84702K [0x00000000e0000000, 0x00000000e6e80000, 0x0000000100000000)
  eden space 78336K, 100% used [0x00000000e0000000,0x00000000e4c80000,0x00000000e4c80000)
  from space 6656K, 95% used [0x00000000e6800000,0x00000000e6e37860,0x00000000e6e80000)
  to   space 9216K, 0% used [0x00000000e5c80000,0x00000000e5c80000,0x00000000e6580000)
 ParOldGen       total 47616K, used 9366K [0x00000000a0000000, 0x00000000a2e80000, 0x00000000e0000000)
  object space 47616K, 19% used [0x00000000a0000000,0x00000000a0925930,0x00000000a2e80000)
 Metaspace       used 31804K, capacity 32212K, committed 32512K, reserved 1077248K
  class space    used 4376K, capacity 4554K, committed 4608K, reserved 1048576K
Event: 6.765 GC heap after
Heap after GC invocations=10 (full 1):
 PSYoungGen      total 103936K, used 9169K [0x00000000e0000000, 0x00000000e7c80000, 0x0000000100000000)
  eden space 94720K, 0% used [0x00000000e0000000,0x00000000e0000000,0x00000000e5c80000)
  from space 9216K, 99% used [0x00000000e5c80000,0x00000000e6574520,0x00000000e6580000)
  to   space 10240K, 0% used [0x00000000e7280000,0x00000000e7280000,0x00000000e7c80000)
 ParOldGen       total 47616K, used 9374K [0x00000000a0000000, 0x00000000a2e80000, 0x00000000e0000000)
  object space 47616K, 19% used [0x00000000a0000000,0x00000000a0927930,0x00000000a2e80000)
 Metaspace       used 31804K, capacity 32212K, committed 32512K, reserved 1077248K
  class space    used 4376K, capacity 4554K, committed 4608K, reserved 1048576K
}
Event: 9.087 GC heap before
{Heap before GC invocations=11 (full 1):
 PSYoungGen      total 103936K, used 61041K [0x00000000e0000000, 0x00000000e7c80000, 0x0000000100000000)
  eden space 94720K, 54% used [0x00000000e0000000,0x00000000e32a7ef0,0x00000000e5c80000)
  from space 9216K, 99% used [0x00000000e5c80000,0x00000000e6574520,0x00000000e6580000)
  to   space 10240K, 0% used [0x00000000e7280000,0x00000000e7280000,0x00000000e7c80000)
 ParOldGen       total 47616K, used 9374K [0x00000000a0000000, 0x00000000a2e80000, 0x00000000e0000000)
  object space 47616K, 19% used [0x00000000a0000000,0x00000000a0927930,0x00000000a2e80000)
 Metaspace       used 34773K, capacity 35416K, committed 35456K, reserved 1079296K
  class space    used 4793K, capacity 4991K, committed 4992K, reserved 1048576K
Event: 9.133 GC heap after
Heap after GC invocations=11 (full 1):
 PSYoungGen      total 116736K, used 8135K [0x00000000e0000000, 0x00000000e9380000, 0x0000000100000000)
  eden space 106496K, 0% used [0x00000000e0000000,0x00000000e0000000,0x00000000e6800000)
  from space 10240K, 79% used [0x00000000e7280000,0x00000000e7a71d58,0x00000000e7c80000)
  to   space 10752K, 0% used [0x00000000e6800000,0x00000000e6800000,0x00000000e7280000)
 ParOldGen       total 47616K, used 12206K [0x00000000a0000000, 0x00000000a2e80000, 0x00000000e0000000)
  object space 47616K, 25% used [0x00000000a0000000,0x00000000a0beb940,0x00000000a2e80000)
 Metaspace       used 34773K, capacity 35416K, committed 35456K, reserved 1079296K
  class space    used 4793K, capacity 4991K, committed 4992K, reserved 1048576K
}
Event: 9.133 GC heap before
{Heap before GC invocations=12 (full 2):
 PSYoungGen      total 116736K, used 8135K [0x00000000e0000000, 0x00000000e9380000, 0x0000000100000000)
  eden space 106496K, 0% used [0x00000000e0000000,0x00000000e0000000,0x00000000e6800000)
  from space 10240K, 79% used [0x00000000e7280000,0x00000000e7a71d58,0x00000000e7c80000)
  to   space 10752K, 0% used [0x00000000e6800000,0x00000000e6800000,0x00000000e7280000)
 ParOldGen       total 47616K, used 12206K [0x00000000a0000000, 0x00000000a2e80000, 0x00000000e0000000)
  object space 47616K, 25% used [0x00000000a0000000,0x00000000a0beb940,0x00000000a2e80000)
 Metaspace       used 34773K, capacity 35416K, committed 35456K, reserved 1079296K
  class space    used 4793K, capacity 4991K, committed 4992K, reserved 1048576K
Event: 9.237 GC heap after
Heap after GC invocations=12 (full 2):
 PSYoungGen      total 116736K, used 0K [0x00000000e0000000, 0x00000000e9380000, 0x0000000100000000)
  eden space 106496K, 0% used [0x00000000e0000000,0x00000000e0000000,0x00000000e6800000)
  from space 10240K, 0% used [0x00000000e7280000,0x00000000e7280000,0x00000000e7c80000)
  to   space 10752K, 0% used [0x00000000e6800000,0x00000000e6800000,0x00000000e7280000)
 ParOldGen       total 73728K, used 17955K [0x00000000a0000000, 0x00000000a4800000, 0x00000000e0000000)
  object space 73728K, 24% used [0x00000000a0000000,0x00000000a1188c70,0x00000000a4800000)
 Metaspace       used 34773K, capacity 35416K, committed 35456K, reserved 1079296K
  class space    used 4793K, capacity 4991K, committed 4992K, reserved 1048576K
}

